CRITICAL - 2021-01-17 14:02:05 --> Cannot delete or update a parent row: a foreign key constraint fails (`60971KAA`.`gol`, CONSTRAINT `gol_ibfk_1` FOREIGN KEY (`id_player`) REFERENCES `player` (`id`))
#0 /home/leveofan/PhpstormProjects/60971kaa/vendor/codeigniter4/framework/system/Database/MySQLi/Connection.php(331): mysqli->query('DELETE FROM `pl...')
#1 /home/leveofan/PhpstormProjects/60971kaa/vendor/codeigniter4/framework/system/Database/BaseConnection.php(741): CodeIgniter\Database\MySQLi\Connection->execute('DELETE FROM `pl...')
#2 /home/leveofan/PhpstormProjects/60971kaa/vendor/codeigniter4/framework/system/Database/BaseConnection.php(669): CodeIgniter\Database\BaseConnection->simpleQuery('DELETE FROM `pl...')
#3 /home/leveofan/PhpstormProjects/60971kaa/vendor/codeigniter4/framework/system/Database/BaseBuilder.php(2853): CodeIgniter\Database\BaseConnection->query('DELETE FROM `pl...', Array, false)
#4 /home/leveofan/PhpstormProjects/60971kaa/vendor/codeigniter4/framework/system/Model.php(977): CodeIgniter\Database\BaseBuilder->delete()
#5 /home/leveofan/PhpstormProjects/60971kaa/app/Controllers/Player.php(62): CodeIgniter\Model->delete(Array)
#6 /home/leveofan/PhpstormProjects/60971kaa/vendor/codeigniter4/framework/system/CodeIgniter.php(918): App\Controllers\Player->delete('15')
#7 /home/leveofan/PhpstormProjects/60971kaa/vendor/codeigniter4/framework/system/CodeIgniter.php(404): CodeIgniter\CodeIgniter->runController(Object(App\Controllers\Player))
#8 /home/leveofan/PhpstormProjects/60971kaa/vendor/codeigniter4/framework/system/CodeIgniter.php(312): CodeIgniter\CodeIgniter->handleRequest(NULL, Object(Config\Cache), false)
#9 /home/leveofan/PhpstormProjects/60971kaa/public/index.php(21): CodeIgniter\CodeIgniter->run()
#10 {main}
CRITICAL - 2021-01-17 14:02:34 --> Cannot delete or update a parent row: a foreign key constraint fails (`60971KAA`.`gol`, CONSTRAINT `gol_ibfk_1` FOREIGN KEY (`id_player`) REFERENCES `player` (`id`))
#0 /home/leveofan/PhpstormProjects/60971kaa/vendor/codeigniter4/framework/system/Database/MySQLi/Connection.php(331): mysqli->query('DELETE FROM `pl...')
#1 /home/leveofan/PhpstormProjects/60971kaa/vendor/codeigniter4/framework/system/Database/BaseConnection.php(741): CodeIgniter\Database\MySQLi\Connection->execute('DELETE FROM `pl...')
#2 /home/leveofan/PhpstormProjects/60971kaa/vendor/codeigniter4/framework/system/Database/BaseConnection.php(669): CodeIgniter\Database\BaseConnection->simpleQuery('DELETE FROM `pl...')
#3 /home/leveofan/PhpstormProjects/60971kaa/vendor/codeigniter4/framework/system/Database/BaseBuilder.php(2853): CodeIgniter\Database\BaseConnection->query('DELETE FROM `pl...', Array, false)
#4 /home/leveofan/PhpstormProjects/60971kaa/vendor/codeigniter4/framework/system/Model.php(977): CodeIgniter\Database\BaseBuilder->delete()
#5 /home/leveofan/PhpstormProjects/60971kaa/app/Controllers/Player.php(62): CodeIgniter\Model->delete(Array)
#6 /home/leveofan/PhpstormProjects/60971kaa/vendor/codeigniter4/framework/system/CodeIgniter.php(918): App\Controllers\Player->delete('15')
#7 /home/leveofan/PhpstormProjects/60971kaa/vendor/codeigniter4/framework/system/CodeIgniter.php(404): CodeIgniter\CodeIgniter->runController(Object(App\Controllers\Player))
#8 /home/leveofan/PhpstormProjects/60971kaa/vendor/codeigniter4/framework/system/CodeIgniter.php(312): CodeIgniter\CodeIgniter->handleRequest(NULL, Object(Config\Cache), false)
#9 /home/leveofan/PhpstormProjects/60971kaa/public/index.php(21): CodeIgniter\CodeIgniter->run()
#10 {main}
CRITICAL - 2021-01-17 14:03:03 --> Cannot delete or update a parent row: a foreign key constraint fails (`60971KAA`.`gol`, CONSTRAINT `gol_ibfk_1` FOREIGN KEY (`id_player`) REFERENCES `player` (`id`))
#0 /home/leveofan/PhpstormProjects/60971kaa/vendor/codeigniter4/framework/system/Database/MySQLi/Connection.php(331): mysqli->query('DELETE FROM `pl...')
#1 /home/leveofan/PhpstormProjects/60971kaa/vendor/codeigniter4/framework/system/Database/BaseConnection.php(741): CodeIgniter\Database\MySQLi\Connection->execute('DELETE FROM `pl...')
#2 /home/leveofan/PhpstormProjects/60971kaa/vendor/codeigniter4/framework/system/Database/BaseConnection.php(669): CodeIgniter\Database\BaseConnection->simpleQuery('DELETE FROM `pl...')
#3 /home/leveofan/PhpstormProjects/60971kaa/vendor/codeigniter4/framework/system/Database/BaseBuilder.php(2853): CodeIgniter\Database\BaseConnection->query('DELETE FROM `pl...', Array, false)
#4 /home/leveofan/PhpstormProjects/60971kaa/vendor/codeigniter4/framework/system/Model.php(977): CodeIgniter\Database\BaseBuilder->delete()
#5 /home/leveofan/PhpstormProjects/60971kaa/app/Controllers/Player.php(62): CodeIgniter\Model->delete(Array)
#6 /home/leveofan/PhpstormProjects/60971kaa/vendor/codeigniter4/framework/system/CodeIgniter.php(918): App\Controllers\Player->delete('15')
#7 /home/leveofan/PhpstormProjects/60971kaa/vendor/codeigniter4/framework/system/CodeIgniter.php(404): CodeIgniter\CodeIgniter->runController(Object(App\Controllers\Player))
#8 /home/leveofan/PhpstormProjects/60971kaa/vendor/codeigniter4/framework/system/CodeIgniter.php(312): CodeIgniter\CodeIgniter->handleRequest(NULL, Object(Config\Cache), false)
#9 /home/leveofan/PhpstormProjects/60971kaa/public/index.php(21): CodeIgniter\CodeIgniter->run()
#10 {main}
CRITICAL - 2021-01-17 15:32:24 --> Cannot delete or update a parent row: a foreign key constraint fails (`60971KAA`.`gol`, CONSTRAINT `gol_ibfk_1` FOREIGN KEY (`id_player`) REFERENCES `player` (`id`))
#0 /home/leveofan/PhpstormProjects/60971kaa/vendor/codeigniter4/framework/system/Database/MySQLi/Connection.php(331): mysqli->query('DELETE FROM `pl...')
#1 /home/leveofan/PhpstormProjects/60971kaa/vendor/codeigniter4/framework/system/Database/BaseConnection.php(741): CodeIgniter\Database\MySQLi\Connection->execute('DELETE FROM `pl...')
#2 /home/leveofan/PhpstormProjects/60971kaa/vendor/codeigniter4/framework/system/Database/BaseConnection.php(669): CodeIgniter\Database\BaseConnection->simpleQuery('DELETE FROM `pl...')
#3 /home/leveofan/PhpstormProjects/60971kaa/vendor/codeigniter4/framework/system/Database/BaseBuilder.php(2853): CodeIgniter\Database\BaseConnection->query('DELETE FROM `pl...', Array, false)
#4 /home/leveofan/PhpstormProjects/60971kaa/vendor/codeigniter4/framework/system/Model.php(977): CodeIgniter\Database\BaseBuilder->delete()
#5 /home/leveofan/PhpstormProjects/60971kaa/app/Controllers/Player.php(72): CodeIgniter\Model->delete(Array)
#6 /home/leveofan/PhpstormProjects/60971kaa/vendor/codeigniter4/framework/system/CodeIgniter.php(918): App\Controllers\Player->delete('15')
#7 /home/leveofan/PhpstormProjects/60971kaa/vendor/codeigniter4/framework/system/CodeIgniter.php(404): CodeIgniter\CodeIgniter->runController(Object(App\Controllers\Player))
#8 /home/leveofan/PhpstormProjects/60971kaa/vendor/codeigniter4/framework/system/CodeIgniter.php(312): CodeIgniter\CodeIgniter->handleRequest(NULL, Object(Config\Cache), false)
#9 /home/leveofan/PhpstormProjects/60971kaa/public/index.php(21): CodeIgniter\CodeIgniter->run()
#10 {main}
CRITICAL - 2021-01-17 15:43:53 --> Undefined index: Amplua
#0 /home/leveofan/PhpstormProjects/60971kaa/app/Views/player/edit.php(30): CodeIgniter\Debug\Exceptions->errorHandler(8, 'Undefined index...', '/home/leveofan/...', 30, Array)
#1 /home/leveofan/PhpstormProjects/60971kaa/vendor/codeigniter4/framework/system/View/View.php(246): include('/home/leveofan/...')
#2 /home/leveofan/PhpstormProjects/60971kaa/vendor/codeigniter4/framework/system/Common.php(1119): CodeIgniter\View\View->render('player/edit', Array, true)
#3 /home/leveofan/PhpstormProjects/60971kaa/app/Controllers/Player.php(125): view('player/edit', Array)
#4 /home/leveofan/PhpstormProjects/60971kaa/vendor/codeigniter4/framework/system/CodeIgniter.php(918): App\Controllers\Player->edit('19')
#5 /home/leveofan/PhpstormProjects/60971kaa/vendor/codeigniter4/framework/system/CodeIgniter.php(404): CodeIgniter\CodeIgniter->runController(Object(App\Controllers\Player))
#6 /home/leveofan/PhpstormProjects/60971kaa/vendor/codeigniter4/framework/system/CodeIgniter.php(312): CodeIgniter\CodeIgniter->handleRequest(NULL, Object(Config\Cache), false)
#7 /home/leveofan/PhpstormProjects/60971kaa/public/index.php(21): CodeIgniter\CodeIgniter->run()
#8 {main}
CRITICAL - 2021-01-17 15:49:43 --> Undefined index: name
#0 /home/leveofan/PhpstormProjects/60971kaa/app/Views/player/view.php(14): CodeIgniter\Debug\Exceptions->errorHandler(8, 'Undefined index...', '/home/leveofan/...', 14, Array)
#1 /home/leveofan/PhpstormProjects/60971kaa/vendor/codeigniter4/framework/system/View/View.php(246): include('/home/leveofan/...')
#2 /home/leveofan/PhpstormProjects/60971kaa/vendor/codeigniter4/framework/system/Common.php(1119): CodeIgniter\View\View->render('player/view', Array, true)
#3 /home/leveofan/PhpstormProjects/60971kaa/app/Controllers/Player.php(138): view('player/view', Array)
#4 /home/leveofan/PhpstormProjects/60971kaa/vendor/codeigniter4/framework/system/CodeIgniter.php(918): App\Controllers\Player->view('15')
#5 /home/leveofan/PhpstormProjects/60971kaa/vendor/codeigniter4/framework/system/CodeIgniter.php(404): CodeIgniter\CodeIgniter->runController(Object(App\Controllers\Player))
#6 /home/leveofan/PhpstormProjects/60971kaa/vendor/codeigniter4/framework/system/CodeIgniter.php(312): CodeIgniter\CodeIgniter->handleRequest(NULL, Object(Config\Cache), false)
#7 /home/leveofan/PhpstormProjects/60971kaa/public/index.php(21): CodeIgniter\CodeIgniter->run()
#8 {main}
CRITICAL - 2021-01-17 15:51:31 --> Undefined index: name
#0 /home/leveofan/PhpstormProjects/60971kaa/app/Views/player/view.php(14): CodeIgniter\Debug\Exceptions->errorHandler(8, 'Undefined index...', '/home/leveofan/...', 14, Array)
#1 /home/leveofan/PhpstormProjects/60971kaa/vendor/codeigniter4/framework/system/View/View.php(246): include('/home/leveofan/...')
#2 /home/leveofan/PhpstormProjects/60971kaa/vendor/codeigniter4/framework/system/Common.php(1119): CodeIgniter\View\View->render('player/view', Array, true)
#3 /home/leveofan/PhpstormProjects/60971kaa/app/Controllers/Player.php(138): view('player/view', Array)
#4 /home/leveofan/PhpstormProjects/60971kaa/vendor/codeigniter4/framework/system/CodeIgniter.php(918): App\Controllers\Player->view('15')
#5 /home/leveofan/PhpstormProjects/60971kaa/vendor/codeigniter4/framework/system/CodeIgniter.php(404): CodeIgniter\CodeIgniter->runController(Object(App\Controllers\Player))
#6 /home/leveofan/PhpstormProjects/60971kaa/vendor/codeigniter4/framework/system/CodeIgniter.php(312): CodeIgniter\CodeIgniter->handleRequest(NULL, Object(Config\Cache), false)
#7 /home/leveofan/PhpstormProjects/60971kaa/public/index.php(21): CodeIgniter\CodeIgniter->run()
#8 {main}
CRITICAL - 2021-01-17 15:58:01 --> Illegal string offset 'name'
#0 /home/leveofan/PhpstormProjects/60971kaa/app/Views/player/view.php(14): CodeIgniter\Debug\Exceptions->errorHandler(2, 'Illegal string ...', '/home/leveofan/...', 14, Array)
#1 /home/leveofan/PhpstormProjects/60971kaa/vendor/codeigniter4/framework/system/View/View.php(246): include('/home/leveofan/...')
#2 /home/leveofan/PhpstormProjects/60971kaa/vendor/codeigniter4/framework/system/Common.php(1119): CodeIgniter\View\View->render('player/view', Array, true)
#3 /home/leveofan/PhpstormProjects/60971kaa/app/Controllers/Player.php(138): view('player/view', Array)
#4 /home/leveofan/PhpstormProjects/60971kaa/vendor/codeigniter4/framework/system/CodeIgniter.php(918): App\Controllers\Player->view('15')
#5 /home/leveofan/PhpstormProjects/60971kaa/vendor/codeigniter4/framework/system/CodeIgniter.php(404): CodeIgniter\CodeIgniter->runController(Object(App\Controllers\Player))
#6 /home/leveofan/PhpstormProjects/60971kaa/vendor/codeigniter4/framework/system/CodeIgniter.php(312): CodeIgniter\CodeIgniter->handleRequest(NULL, Object(Config\Cache), false)
#7 /home/leveofan/PhpstormProjects/60971kaa/public/index.php(21): CodeIgniter\CodeIgniter->run()
#8 {main}
CRITICAL - 2021-01-17 16:00:42 --> Undefined index: id_team.name
#0 /home/leveofan/PhpstormProjects/60971kaa/app/Views/player/view.php(14): CodeIgniter\Debug\Exceptions->errorHandler(8, 'Undefined index...', '/home/leveofan/...', 14, Array)
#1 /home/leveofan/PhpstormProjects/60971kaa/vendor/codeigniter4/framework/system/View/View.php(246): include('/home/leveofan/...')
#2 /home/leveofan/PhpstormProjects/60971kaa/vendor/codeigniter4/framework/system/Common.php(1119): CodeIgniter\View\View->render('player/view', Array, true)
#3 /home/leveofan/PhpstormProjects/60971kaa/app/Controllers/Player.php(138): view('player/view', Array)
#4 /home/leveofan/PhpstormProjects/60971kaa/vendor/codeigniter4/framework/system/CodeIgniter.php(918): App\Controllers\Player->view('15')
#5 /home/leveofan/PhpstormProjects/60971kaa/vendor/codeigniter4/framework/system/CodeIgniter.php(404): CodeIgniter\CodeIgniter->runController(Object(App\Controllers\Player))
#6 /home/leveofan/PhpstormProjects/60971kaa/vendor/codeigniter4/framework/system/CodeIgniter.php(312): CodeIgniter\CodeIgniter->handleRequest(NULL, Object(Config\Cache), false)
#7 /home/leveofan/PhpstormProjects/60971kaa/public/index.php(21): CodeIgniter\CodeIgniter->run()
#8 {main}
