CRITICAL - 2020-12-23 05:42:27 --> Undefined variable: ionAuth
#0 /home/leveofan/PhpstormProjects/60971kaa/app/Views/templates/layout.php(37): CodeIgniter\Debug\Exceptions->errorHandler(8, 'Undefined varia...', '/home/leveofan/...', 37, Array)
#1 /home/leveofan/PhpstormProjects/60971kaa/vendor/codeigniter4/framework/system/View/View.php(246): include('/home/leveofan/...')
#2 /home/leveofan/PhpstormProjects/60971kaa/vendor/codeigniter4/framework/system/View/View.php(257): CodeIgniter\View\View->render('templates/layou...', Array, true)
#3 /home/leveofan/PhpstormProjects/60971kaa/vendor/codeigniter4/framework/system/Common.php(1119): CodeIgniter\View\View->render('auth/login', Array, true)
#4 /home/leveofan/PhpstormProjects/60971kaa/vendor/benedmunds/codeigniter-ion-auth/Controllers/Auth.php(923): view('auth/login', Array)
#5 /home/leveofan/PhpstormProjects/60971kaa/vendor/benedmunds/codeigniter-ion-auth/Controllers/Auth.php(173): IonAuth\Controllers\Auth->renderPage('auth/login', Array)
#6 /home/leveofan/PhpstormProjects/60971kaa/vendor/codeigniter4/framework/system/CodeIgniter.php(918): IonAuth\Controllers\Auth->login()
#7 /home/leveofan/PhpstormProjects/60971kaa/vendor/codeigniter4/framework/system/CodeIgniter.php(404): CodeIgniter\CodeIgniter->runController(Object(App\Controllers\Auth))
#8 /home/leveofan/PhpstormProjects/60971kaa/vendor/codeigniter4/framework/system/CodeIgniter.php(312): CodeIgniter\CodeIgniter->handleRequest(NULL, Object(Config\Cache), false)
#9 /home/leveofan/PhpstormProjects/60971kaa/public/index.php(21): CodeIgniter\CodeIgniter->run()
#10 {main}
CRITICAL - 2020-12-23 05:45:51 --> Cannot add or update a child row: a foreign key constraint fails (`60971KAA`.`player`, CONSTRAINT `player_ibfk_1` FOREIGN KEY (`id_team`) REFERENCES `team` (`id`))
#0 /home/leveofan/PhpstormProjects/60971kaa/vendor/codeigniter4/framework/system/Database/MySQLi/Connection.php(331): mysqli->query('INSERT INTO `pl...')
#1 /home/leveofan/PhpstormProjects/60971kaa/vendor/codeigniter4/framework/system/Database/BaseConnection.php(741): CodeIgniter\Database\MySQLi\Connection->execute('INSERT INTO `pl...')
#2 /home/leveofan/PhpstormProjects/60971kaa/vendor/codeigniter4/framework/system/Database/BaseConnection.php(669): CodeIgniter\Database\BaseConnection->simpleQuery('INSERT INTO `pl...')
#3 /home/leveofan/PhpstormProjects/60971kaa/vendor/codeigniter4/framework/system/Database/BaseBuilder.php(2249): CodeIgniter\Database\BaseConnection->query('INSERT INTO `pl...', Array, false)
#4 /home/leveofan/PhpstormProjects/60971kaa/vendor/codeigniter4/framework/system/Model.php(755): CodeIgniter\Database\BaseBuilder->insert()
#5 /home/leveofan/PhpstormProjects/60971kaa/vendor/codeigniter4/framework/system/Model.php(574): CodeIgniter\Model->insert(Array, false)
#6 /home/leveofan/PhpstormProjects/60971kaa/app/Controllers/Player.php(43): CodeIgniter\Model->save(Array)
#7 /home/leveofan/PhpstormProjects/60971kaa/vendor/codeigniter4/framework/system/CodeIgniter.php(918): App\Controllers\Player->store()
#8 /home/leveofan/PhpstormProjects/60971kaa/vendor/codeigniter4/framework/system/CodeIgniter.php(404): CodeIgniter\CodeIgniter->runController(Object(App\Controllers\Player))
#9 /home/leveofan/PhpstormProjects/60971kaa/vendor/codeigniter4/framework/system/CodeIgniter.php(312): CodeIgniter\CodeIgniter->handleRequest(NULL, Object(Config\Cache), false)
#10 /home/leveofan/PhpstormProjects/60971kaa/public/index.php(21): CodeIgniter\CodeIgniter->run()
#11 {main}
CRITICAL - 2020-12-23 06:01:15 --> Undefined variable: item
#0 /home/leveofan/PhpstormProjects/60971kaa/app/Views/player/view.php(19): CodeIgniter\Debug\Exceptions->errorHandler(8, 'Undefined varia...', '/home/leveofan/...', 19, Array)
#1 /home/leveofan/PhpstormProjects/60971kaa/vendor/codeigniter4/framework/system/View/View.php(246): include('/home/leveofan/...')
#2 /home/leveofan/PhpstormProjects/60971kaa/vendor/codeigniter4/framework/system/Common.php(1119): CodeIgniter\View\View->render('player/view', Array, true)
#3 /home/leveofan/PhpstormProjects/60971kaa/app/Controllers/Player.php(101): view('player/view', Array)
#4 /home/leveofan/PhpstormProjects/60971kaa/vendor/codeigniter4/framework/system/CodeIgniter.php(918): App\Controllers\Player->view('1')
#5 /home/leveofan/PhpstormProjects/60971kaa/vendor/codeigniter4/framework/system/CodeIgniter.php(404): CodeIgniter\CodeIgniter->runController(Object(App\Controllers\Player))
#6 /home/leveofan/PhpstormProjects/60971kaa/vendor/codeigniter4/framework/system/CodeIgniter.php(312): CodeIgniter\CodeIgniter->handleRequest(NULL, Object(Config\Cache), false)
#7 /home/leveofan/PhpstormProjects/60971kaa/public/index.php(21): CodeIgniter\CodeIgniter->run()
#8 {main}
CRITICAL - 2020-12-23 06:18:19 --> 1 не является допустимым правилом.
#0 /home/leveofan/PhpstormProjects/60971kaa/vendor/codeigniter4/framework/system/Validation/Validation.php(333): CodeIgniter\Validation\Exceptions\ValidationException::forRuleNotFound('1')
#1 /home/leveofan/PhpstormProjects/60971kaa/vendor/codeigniter4/framework/system/Validation/Validation.php(189): CodeIgniter\Validation\Validation->processRules('id_team', 'id_team', '1', Array, Array)
#2 /home/leveofan/PhpstormProjects/60971kaa/vendor/codeigniter4/framework/system/Controller.php(219): CodeIgniter\Validation\Validation->run()
#3 /home/leveofan/PhpstormProjects/60971kaa/app/Controllers/Player.php(73): CodeIgniter\Controller->validate(Array)
#4 /home/leveofan/PhpstormProjects/60971kaa/vendor/codeigniter4/framework/system/CodeIgniter.php(918): App\Controllers\Player->update()
#5 /home/leveofan/PhpstormProjects/60971kaa/vendor/codeigniter4/framework/system/CodeIgniter.php(404): CodeIgniter\CodeIgniter->runController(Object(App\Controllers\Player))
#6 /home/leveofan/PhpstormProjects/60971kaa/vendor/codeigniter4/framework/system/CodeIgniter.php(312): CodeIgniter\CodeIgniter->handleRequest(NULL, Object(Config\Cache), false)
#7 /home/leveofan/PhpstormProjects/60971kaa/public/index.php(21): CodeIgniter\CodeIgniter->run()
#8 {main}
CRITICAL - 2020-12-23 06:18:49 --> 2 не является допустимым правилом.
#0 /home/leveofan/PhpstormProjects/60971kaa/vendor/codeigniter4/framework/system/Validation/Validation.php(333): CodeIgniter\Validation\Exceptions\ValidationException::forRuleNotFound('2')
#1 /home/leveofan/PhpstormProjects/60971kaa/vendor/codeigniter4/framework/system/Validation/Validation.php(189): CodeIgniter\Validation\Validation->processRules('id_team', 'id_team', '2', Array, Array)
#2 /home/leveofan/PhpstormProjects/60971kaa/vendor/codeigniter4/framework/system/Controller.php(219): CodeIgniter\Validation\Validation->run()
#3 /home/leveofan/PhpstormProjects/60971kaa/app/Controllers/Player.php(73): CodeIgniter\Controller->validate(Array)
#4 /home/leveofan/PhpstormProjects/60971kaa/vendor/codeigniter4/framework/system/CodeIgniter.php(918): App\Controllers\Player->update()
#5 /home/leveofan/PhpstormProjects/60971kaa/vendor/codeigniter4/framework/system/CodeIgniter.php(404): CodeIgniter\CodeIgniter->runController(Object(App\Controllers\Player))
#6 /home/leveofan/PhpstormProjects/60971kaa/vendor/codeigniter4/framework/system/CodeIgniter.php(312): CodeIgniter\CodeIgniter->handleRequest(NULL, Object(Config\Cache), false)
#7 /home/leveofan/PhpstormProjects/60971kaa/public/index.php(21): CodeIgniter\CodeIgniter->run()
#8 {main}
CRITICAL - 2020-12-23 06:19:07 --> 2 не является допустимым правилом.
#0 /home/leveofan/PhpstormProjects/60971kaa/vendor/codeigniter4/framework/system/Validation/Validation.php(333): CodeIgniter\Validation\Exceptions\ValidationException::forRuleNotFound('2')
#1 /home/leveofan/PhpstormProjects/60971kaa/vendor/codeigniter4/framework/system/Validation/Validation.php(189): CodeIgniter\Validation\Validation->processRules('id_team', 'id_team', '2', Array, Array)
#2 /home/leveofan/PhpstormProjects/60971kaa/vendor/codeigniter4/framework/system/Controller.php(219): CodeIgniter\Validation\Validation->run()
#3 /home/leveofan/PhpstormProjects/60971kaa/app/Controllers/Player.php(73): CodeIgniter\Controller->validate(Array)
#4 /home/leveofan/PhpstormProjects/60971kaa/vendor/codeigniter4/framework/system/CodeIgniter.php(918): App\Controllers\Player->update()
#5 /home/leveofan/PhpstormProjects/60971kaa/vendor/codeigniter4/framework/system/CodeIgniter.php(404): CodeIgniter\CodeIgniter->runController(Object(App\Controllers\Player))
#6 /home/leveofan/PhpstormProjects/60971kaa/vendor/codeigniter4/framework/system/CodeIgniter.php(312): CodeIgniter\CodeIgniter->handleRequest(NULL, Object(Config\Cache), false)
#7 /home/leveofan/PhpstormProjects/60971kaa/public/index.php(21): CodeIgniter\CodeIgniter->run()
#8 {main}
CRITICAL - 2020-12-23 06:19:33 --> 1 не является допустимым правилом.
#0 /home/leveofan/PhpstormProjects/60971kaa/vendor/codeigniter4/framework/system/Validation/Validation.php(333): CodeIgniter\Validation\Exceptions\ValidationException::forRuleNotFound('1')
#1 /home/leveofan/PhpstormProjects/60971kaa/vendor/codeigniter4/framework/system/Validation/Validation.php(189): CodeIgniter\Validation\Validation->processRules('id_team', 'id_team', '1', Array, Array)
#2 /home/leveofan/PhpstormProjects/60971kaa/vendor/codeigniter4/framework/system/Controller.php(219): CodeIgniter\Validation\Validation->run()
#3 /home/leveofan/PhpstormProjects/60971kaa/app/Controllers/Player.php(73): CodeIgniter\Controller->validate(Array)
#4 /home/leveofan/PhpstormProjects/60971kaa/vendor/codeigniter4/framework/system/CodeIgniter.php(918): App\Controllers\Player->update()
#5 /home/leveofan/PhpstormProjects/60971kaa/vendor/codeigniter4/framework/system/CodeIgniter.php(404): CodeIgniter\CodeIgniter->runController(Object(App\Controllers\Player))
#6 /home/leveofan/PhpstormProjects/60971kaa/vendor/codeigniter4/framework/system/CodeIgniter.php(312): CodeIgniter\CodeIgniter->handleRequest(NULL, Object(Config\Cache), false)
#7 /home/leveofan/PhpstormProjects/60971kaa/public/index.php(21): CodeIgniter\CodeIgniter->run()
#8 {main}
CRITICAL - 2020-12-23 06:23:15 --> 1 не является допустимым правилом.
#0 /home/leveofan/PhpstormProjects/60971kaa/vendor/codeigniter4/framework/system/Validation/Validation.php(333): CodeIgniter\Validation\Exceptions\ValidationException::forRuleNotFound('1')
#1 /home/leveofan/PhpstormProjects/60971kaa/vendor/codeigniter4/framework/system/Validation/Validation.php(189): CodeIgniter\Validation\Validation->processRules('id_team', 'id_team', '1', Array, Array)
#2 /home/leveofan/PhpstormProjects/60971kaa/vendor/codeigniter4/framework/system/Controller.php(219): CodeIgniter\Validation\Validation->run()
#3 /home/leveofan/PhpstormProjects/60971kaa/app/Controllers/Player.php(73): CodeIgniter\Controller->validate(Array)
#4 /home/leveofan/PhpstormProjects/60971kaa/vendor/codeigniter4/framework/system/CodeIgniter.php(918): App\Controllers\Player->update()
#5 /home/leveofan/PhpstormProjects/60971kaa/vendor/codeigniter4/framework/system/CodeIgniter.php(404): CodeIgniter\CodeIgniter->runController(Object(App\Controllers\Player))
#6 /home/leveofan/PhpstormProjects/60971kaa/vendor/codeigniter4/framework/system/CodeIgniter.php(312): CodeIgniter\CodeIgniter->handleRequest(NULL, Object(Config\Cache), false)
#7 /home/leveofan/PhpstormProjects/60971kaa/public/index.php(21): CodeIgniter\CodeIgniter->run()
#8 {main}
CRITICAL - 2020-12-23 06:23:38 --> 4 не является допустимым правилом.
#0 /home/leveofan/PhpstormProjects/60971kaa/vendor/codeigniter4/framework/system/Validation/Validation.php(333): CodeIgniter\Validation\Exceptions\ValidationException::forRuleNotFound('4')
#1 /home/leveofan/PhpstormProjects/60971kaa/vendor/codeigniter4/framework/system/Validation/Validation.php(189): CodeIgniter\Validation\Validation->processRules('id_team', 'id_team', '4', Array, Array)
#2 /home/leveofan/PhpstormProjects/60971kaa/vendor/codeigniter4/framework/system/Controller.php(219): CodeIgniter\Validation\Validation->run()
#3 /home/leveofan/PhpstormProjects/60971kaa/app/Controllers/Player.php(73): CodeIgniter\Controller->validate(Array)
#4 /home/leveofan/PhpstormProjects/60971kaa/vendor/codeigniter4/framework/system/CodeIgniter.php(918): App\Controllers\Player->update()
#5 /home/leveofan/PhpstormProjects/60971kaa/vendor/codeigniter4/framework/system/CodeIgniter.php(404): CodeIgniter\CodeIgniter->runController(Object(App\Controllers\Player))
#6 /home/leveofan/PhpstormProjects/60971kaa/vendor/codeigniter4/framework/system/CodeIgniter.php(312): CodeIgniter\CodeIgniter->handleRequest(NULL, Object(Config\Cache), false)
#7 /home/leveofan/PhpstormProjects/60971kaa/public/index.php(21): CodeIgniter\CodeIgniter->run()
#8 {main}
CRITICAL - 2020-12-23 06:23:48 --> 4 не является допустимым правилом.
#0 /home/leveofan/PhpstormProjects/60971kaa/vendor/codeigniter4/framework/system/Validation/Validation.php(333): CodeIgniter\Validation\Exceptions\ValidationException::forRuleNotFound('4')
#1 /home/leveofan/PhpstormProjects/60971kaa/vendor/codeigniter4/framework/system/Validation/Validation.php(189): CodeIgniter\Validation\Validation->processRules('id_team', 'id_team', '4', Array, Array)
#2 /home/leveofan/PhpstormProjects/60971kaa/vendor/codeigniter4/framework/system/Controller.php(219): CodeIgniter\Validation\Validation->run()
#3 /home/leveofan/PhpstormProjects/60971kaa/app/Controllers/Player.php(73): CodeIgniter\Controller->validate(Array)
#4 /home/leveofan/PhpstormProjects/60971kaa/vendor/codeigniter4/framework/system/CodeIgniter.php(918): App\Controllers\Player->update()
#5 /home/leveofan/PhpstormProjects/60971kaa/vendor/codeigniter4/framework/system/CodeIgniter.php(404): CodeIgniter\CodeIgniter->runController(Object(App\Controllers\Player))
#6 /home/leveofan/PhpstormProjects/60971kaa/vendor/codeigniter4/framework/system/CodeIgniter.php(312): CodeIgniter\CodeIgniter->handleRequest(NULL, Object(Config\Cache), false)
#7 /home/leveofan/PhpstormProjects/60971kaa/public/index.php(21): CodeIgniter\CodeIgniter->run()
#8 {main}
CRITICAL - 2020-12-23 06:23:58 --> 1 не является допустимым правилом.
#0 /home/leveofan/PhpstormProjects/60971kaa/vendor/codeigniter4/framework/system/Validation/Validation.php(333): CodeIgniter\Validation\Exceptions\ValidationException::forRuleNotFound('1')
#1 /home/leveofan/PhpstormProjects/60971kaa/vendor/codeigniter4/framework/system/Validation/Validation.php(189): CodeIgniter\Validation\Validation->processRules('id_team', 'id_team', '1', Array, Array)
#2 /home/leveofan/PhpstormProjects/60971kaa/vendor/codeigniter4/framework/system/Controller.php(219): CodeIgniter\Validation\Validation->run()
#3 /home/leveofan/PhpstormProjects/60971kaa/app/Controllers/Player.php(73): CodeIgniter\Controller->validate(Array)
#4 /home/leveofan/PhpstormProjects/60971kaa/vendor/codeigniter4/framework/system/CodeIgniter.php(918): App\Controllers\Player->update()
#5 /home/leveofan/PhpstormProjects/60971kaa/vendor/codeigniter4/framework/system/CodeIgniter.php(404): CodeIgniter\CodeIgniter->runController(Object(App\Controllers\Player))
#6 /home/leveofan/PhpstormProjects/60971kaa/vendor/codeigniter4/framework/system/CodeIgniter.php(312): CodeIgniter\CodeIgniter->handleRequest(NULL, Object(Config\Cache), false)
#7 /home/leveofan/PhpstormProjects/60971kaa/public/index.php(21): CodeIgniter\CodeIgniter->run()
#8 {main}
