CRITICAL - 2020-12-19 05:45:34 --> Undefined variable: ionAuth
#0 /home/leveofan/PhpstormProjects/60971kaa/app/Views/templates/layout.php(37): CodeIgniter\Debug\Exceptions->errorHandler(8, 'Undefined varia...', '/home/leveofan/...', 37, Array)
#1 /home/leveofan/PhpstormProjects/60971kaa/vendor/codeigniter4/framework/system/View/View.php(246): include('/home/leveofan/...')
#2 /home/leveofan/PhpstormProjects/60971kaa/vendor/codeigniter4/framework/system/View/View.php(257): CodeIgniter\View\View->render('templates/layou...', Array, true)
#3 /home/leveofan/PhpstormProjects/60971kaa/vendor/codeigniter4/framework/system/Common.php(1119): CodeIgniter\View\View->render('auth/login', Array, true)
#4 /home/leveofan/PhpstormProjects/60971kaa/vendor/benedmunds/codeigniter-ion-auth/Controllers/Auth.php(923): view('auth/login', Array)
#5 /home/leveofan/PhpstormProjects/60971kaa/vendor/benedmunds/codeigniter-ion-auth/Controllers/Auth.php(173): IonAuth\Controllers\Auth->renderPage('auth/login', Array)
#6 /home/leveofan/PhpstormProjects/60971kaa/vendor/codeigniter4/framework/system/CodeIgniter.php(918): IonAuth\Controllers\Auth->login()
#7 /home/leveofan/PhpstormProjects/60971kaa/vendor/codeigniter4/framework/system/CodeIgniter.php(404): CodeIgniter\CodeIgniter->runController(Object(App\Controllers\Auth))
#8 /home/leveofan/PhpstormProjects/60971kaa/vendor/codeigniter4/framework/system/CodeIgniter.php(312): CodeIgniter\CodeIgniter->handleRequest(NULL, Object(Config\Cache), false)
#9 /home/leveofan/PhpstormProjects/60971kaa/public/index.php(21): CodeIgniter\CodeIgniter->run()
#10 {main}
CRITICAL - 2020-12-19 05:46:03 --> Undefined variable: ionAuth
#0 /home/leveofan/PhpstormProjects/60971kaa/app/Views/templates/layout.php(37): CodeIgniter\Debug\Exceptions->errorHandler(8, 'Undefined varia...', '/home/leveofan/...', 37, Array)
#1 /home/leveofan/PhpstormProjects/60971kaa/vendor/codeigniter4/framework/system/View/View.php(246): include('/home/leveofan/...')
#2 /home/leveofan/PhpstormProjects/60971kaa/vendor/codeigniter4/framework/system/View/View.php(257): CodeIgniter\View\View->render('templates/layou...', Array, true)
#3 /home/leveofan/PhpstormProjects/60971kaa/vendor/codeigniter4/framework/system/Common.php(1119): CodeIgniter\View\View->render('auth/login', Array, true)
#4 /home/leveofan/PhpstormProjects/60971kaa/vendor/benedmunds/codeigniter-ion-auth/Controllers/Auth.php(923): view('auth/login', Array)
#5 /home/leveofan/PhpstormProjects/60971kaa/vendor/benedmunds/codeigniter-ion-auth/Controllers/Auth.php(173): IonAuth\Controllers\Auth->renderPage('auth/login', Array)
#6 /home/leveofan/PhpstormProjects/60971kaa/vendor/codeigniter4/framework/system/CodeIgniter.php(918): IonAuth\Controllers\Auth->login()
#7 /home/leveofan/PhpstormProjects/60971kaa/vendor/codeigniter4/framework/system/CodeIgniter.php(404): CodeIgniter\CodeIgniter->runController(Object(App\Controllers\Auth))
#8 /home/leveofan/PhpstormProjects/60971kaa/vendor/codeigniter4/framework/system/CodeIgniter.php(312): CodeIgniter\CodeIgniter->handleRequest(NULL, Object(Config\Cache), false)
#9 /home/leveofan/PhpstormProjects/60971kaa/public/index.php(21): CodeIgniter\CodeIgniter->run()
#10 {main}
CRITICAL - 2020-12-19 05:47:29 --> Class 'App\Controllers\IonAuth' not found
#0 /home/leveofan/PhpstormProjects/60971kaa/vendor/codeigniter4/framework/system/CodeIgniter.php(918): App\Controllers\Auth->register_user()
#1 /home/leveofan/PhpstormProjects/60971kaa/vendor/codeigniter4/framework/system/CodeIgniter.php(404): CodeIgniter\CodeIgniter->runController(Object(App\Controllers\Auth))
#2 /home/leveofan/PhpstormProjects/60971kaa/vendor/codeigniter4/framework/system/CodeIgniter.php(312): CodeIgniter\CodeIgniter->handleRequest(NULL, Object(Config\Cache), false)
#3 /home/leveofan/PhpstormProjects/60971kaa/public/index.php(21): CodeIgniter\CodeIgniter->run()
#4 {main}
CRITICAL - 2020-12-19 05:48:07 --> Undefined variable: ionAuth
#0 /home/leveofan/PhpstormProjects/60971kaa/app/Views/templates/layout.php(37): CodeIgniter\Debug\Exceptions->errorHandler(8, 'Undefined varia...', '/home/leveofan/...', 37, Array)
#1 /home/leveofan/PhpstormProjects/60971kaa/vendor/codeigniter4/framework/system/View/View.php(246): include('/home/leveofan/...')
#2 /home/leveofan/PhpstormProjects/60971kaa/vendor/codeigniter4/framework/system/View/View.php(257): CodeIgniter\View\View->render('templates/layou...', Array, true)
#3 /home/leveofan/PhpstormProjects/60971kaa/vendor/codeigniter4/framework/system/Common.php(1119): CodeIgniter\View\View->render('auth/login', Array, true)
#4 /home/leveofan/PhpstormProjects/60971kaa/vendor/benedmunds/codeigniter-ion-auth/Controllers/Auth.php(923): view('auth/login', Array)
#5 /home/leveofan/PhpstormProjects/60971kaa/vendor/benedmunds/codeigniter-ion-auth/Controllers/Auth.php(173): IonAuth\Controllers\Auth->renderPage('auth/login', Array)
#6 /home/leveofan/PhpstormProjects/60971kaa/vendor/codeigniter4/framework/system/CodeIgniter.php(918): IonAuth\Controllers\Auth->login()
#7 /home/leveofan/PhpstormProjects/60971kaa/vendor/codeigniter4/framework/system/CodeIgniter.php(404): CodeIgniter\CodeIgniter->runController(Object(App\Controllers\Auth))
#8 /home/leveofan/PhpstormProjects/60971kaa/vendor/codeigniter4/framework/system/CodeIgniter.php(312): CodeIgniter\CodeIgniter->handleRequest(NULL, Object(Config\Cache), false)
#9 /home/leveofan/PhpstormProjects/60971kaa/public/index.php(21): CodeIgniter\CodeIgniter->run()
#10 {main}
CRITICAL - 2020-12-19 05:48:38 --> Undefined variable: ionAuth
#0 /home/leveofan/PhpstormProjects/60971kaa/app/Views/templates/layout.php(37): CodeIgniter\Debug\Exceptions->errorHandler(8, 'Undefined varia...', '/home/leveofan/...', 37, Array)
#1 /home/leveofan/PhpstormProjects/60971kaa/vendor/codeigniter4/framework/system/View/View.php(246): include('/home/leveofan/...')
#2 /home/leveofan/PhpstormProjects/60971kaa/vendor/codeigniter4/framework/system/View/View.php(257): CodeIgniter\View\View->render('templates/layou...', Array, true)
#3 /home/leveofan/PhpstormProjects/60971kaa/vendor/codeigniter4/framework/system/Common.php(1119): CodeIgniter\View\View->render('auth/login', Array, true)
#4 /home/leveofan/PhpstormProjects/60971kaa/vendor/benedmunds/codeigniter-ion-auth/Controllers/Auth.php(923): view('auth/login', Array)
#5 /home/leveofan/PhpstormProjects/60971kaa/vendor/benedmunds/codeigniter-ion-auth/Controllers/Auth.php(173): IonAuth\Controllers\Auth->renderPage('auth/login', Array)
#6 /home/leveofan/PhpstormProjects/60971kaa/vendor/codeigniter4/framework/system/CodeIgniter.php(918): IonAuth\Controllers\Auth->login()
#7 /home/leveofan/PhpstormProjects/60971kaa/vendor/codeigniter4/framework/system/CodeIgniter.php(404): CodeIgniter\CodeIgniter->runController(Object(App\Controllers\Auth))
#8 /home/leveofan/PhpstormProjects/60971kaa/vendor/codeigniter4/framework/system/CodeIgniter.php(312): CodeIgniter\CodeIgniter->handleRequest(NULL, Object(Config\Cache), false)
#9 /home/leveofan/PhpstormProjects/60971kaa/public/index.php(21): CodeIgniter\CodeIgniter->run()
#10 {main}
CRITICAL - 2020-12-19 05:48:39 --> Undefined variable: ionAuth
#0 /home/leveofan/PhpstormProjects/60971kaa/app/Views/templates/layout.php(37): CodeIgniter\Debug\Exceptions->errorHandler(8, 'Undefined varia...', '/home/leveofan/...', 37, Array)
#1 /home/leveofan/PhpstormProjects/60971kaa/vendor/codeigniter4/framework/system/View/View.php(246): include('/home/leveofan/...')
#2 /home/leveofan/PhpstormProjects/60971kaa/vendor/codeigniter4/framework/system/View/View.php(257): CodeIgniter\View\View->render('templates/layou...', Array, true)
#3 /home/leveofan/PhpstormProjects/60971kaa/vendor/codeigniter4/framework/system/Common.php(1119): CodeIgniter\View\View->render('auth/login', Array, true)
#4 /home/leveofan/PhpstormProjects/60971kaa/vendor/benedmunds/codeigniter-ion-auth/Controllers/Auth.php(923): view('auth/login', Array)
#5 /home/leveofan/PhpstormProjects/60971kaa/vendor/benedmunds/codeigniter-ion-auth/Controllers/Auth.php(173): IonAuth\Controllers\Auth->renderPage('auth/login', Array)
#6 /home/leveofan/PhpstormProjects/60971kaa/vendor/codeigniter4/framework/system/CodeIgniter.php(918): IonAuth\Controllers\Auth->login()
#7 /home/leveofan/PhpstormProjects/60971kaa/vendor/codeigniter4/framework/system/CodeIgniter.php(404): CodeIgniter\CodeIgniter->runController(Object(App\Controllers\Auth))
#8 /home/leveofan/PhpstormProjects/60971kaa/vendor/codeigniter4/framework/system/CodeIgniter.php(312): CodeIgniter\CodeIgniter->handleRequest(NULL, Object(Config\Cache), false)
#9 /home/leveofan/PhpstormProjects/60971kaa/public/index.php(21): CodeIgniter\CodeIgniter->run()
#10 {main}
CRITICAL - 2020-12-19 05:50:29 --> Undefined variable: ionAuth
#0 /home/leveofan/PhpstormProjects/60971kaa/app/Views/templates/layout.php(37): CodeIgniter\Debug\Exceptions->errorHandler(8, 'Undefined varia...', '/home/leveofan/...', 37, Array)
#1 /home/leveofan/PhpstormProjects/60971kaa/vendor/codeigniter4/framework/system/View/View.php(246): include('/home/leveofan/...')
#2 /home/leveofan/PhpstormProjects/60971kaa/vendor/codeigniter4/framework/system/View/View.php(257): CodeIgniter\View\View->render('templates/layou...', Array, true)
#3 /home/leveofan/PhpstormProjects/60971kaa/vendor/codeigniter4/framework/system/Common.php(1119): CodeIgniter\View\View->render('auth/login', Array, true)
#4 /home/leveofan/PhpstormProjects/60971kaa/vendor/benedmunds/codeigniter-ion-auth/Controllers/Auth.php(923): view('auth/login', Array)
#5 /home/leveofan/PhpstormProjects/60971kaa/vendor/benedmunds/codeigniter-ion-auth/Controllers/Auth.php(173): IonAuth\Controllers\Auth->renderPage('auth/login', Array)
#6 /home/leveofan/PhpstormProjects/60971kaa/vendor/codeigniter4/framework/system/CodeIgniter.php(918): IonAuth\Controllers\Auth->login()
#7 /home/leveofan/PhpstormProjects/60971kaa/vendor/codeigniter4/framework/system/CodeIgniter.php(404): CodeIgniter\CodeIgniter->runController(Object(App\Controllers\Auth))
#8 /home/leveofan/PhpstormProjects/60971kaa/vendor/codeigniter4/framework/system/CodeIgniter.php(312): CodeIgniter\CodeIgniter->handleRequest(NULL, Object(Config\Cache), false)
#9 /home/leveofan/PhpstormProjects/60971kaa/public/index.php(21): CodeIgniter\CodeIgniter->run()
#10 {main}
CRITICAL - 2020-12-19 05:52:24 --> Undefined variable: ionAuth
#0 /home/leveofan/PhpstormProjects/60971kaa/app/Views/templates/layout.php(43): CodeIgniter\Debug\Exceptions->errorHandler(8, 'Undefined varia...', '/home/leveofan/...', 43, Array)
#1 /home/leveofan/PhpstormProjects/60971kaa/vendor/codeigniter4/framework/system/View/View.php(246): include('/home/leveofan/...')
#2 /home/leveofan/PhpstormProjects/60971kaa/vendor/codeigniter4/framework/system/View/View.php(257): CodeIgniter\View\View->render('templates/layou...', Array, true)
#3 /home/leveofan/PhpstormProjects/60971kaa/vendor/codeigniter4/framework/system/Common.php(1119): CodeIgniter\View\View->render('auth/login', Array, true)
#4 /home/leveofan/PhpstormProjects/60971kaa/vendor/benedmunds/codeigniter-ion-auth/Controllers/Auth.php(923): view('auth/login', Array)
#5 /home/leveofan/PhpstormProjects/60971kaa/vendor/benedmunds/codeigniter-ion-auth/Controllers/Auth.php(173): IonAuth\Controllers\Auth->renderPage('auth/login', Array)
#6 /home/leveofan/PhpstormProjects/60971kaa/vendor/codeigniter4/framework/system/CodeIgniter.php(918): IonAuth\Controllers\Auth->login()
#7 /home/leveofan/PhpstormProjects/60971kaa/vendor/codeigniter4/framework/system/CodeIgniter.php(404): CodeIgniter\CodeIgniter->runController(Object(App\Controllers\Auth))
#8 /home/leveofan/PhpstormProjects/60971kaa/vendor/codeigniter4/framework/system/CodeIgniter.php(312): CodeIgniter\CodeIgniter->handleRequest(NULL, Object(Config\Cache), false)
#9 /home/leveofan/PhpstormProjects/60971kaa/public/index.php(21): CodeIgniter\CodeIgniter->run()
#10 {main}
CRITICAL - 2020-12-19 05:52:24 --> Undefined variable: ionAuth
#0 /home/leveofan/PhpstormProjects/60971kaa/app/Views/templates/layout.php(43): CodeIgniter\Debug\Exceptions->errorHandler(8, 'Undefined varia...', '/home/leveofan/...', 43, Array)
#1 /home/leveofan/PhpstormProjects/60971kaa/vendor/codeigniter4/framework/system/View/View.php(246): include('/home/leveofan/...')
#2 /home/leveofan/PhpstormProjects/60971kaa/vendor/codeigniter4/framework/system/View/View.php(257): CodeIgniter\View\View->render('templates/layou...', Array, true)
#3 /home/leveofan/PhpstormProjects/60971kaa/vendor/codeigniter4/framework/system/Common.php(1119): CodeIgniter\View\View->render('auth/login', Array, true)
#4 /home/leveofan/PhpstormProjects/60971kaa/vendor/benedmunds/codeigniter-ion-auth/Controllers/Auth.php(923): view('auth/login', Array)
#5 /home/leveofan/PhpstormProjects/60971kaa/vendor/benedmunds/codeigniter-ion-auth/Controllers/Auth.php(173): IonAuth\Controllers\Auth->renderPage('auth/login', Array)
#6 /home/leveofan/PhpstormProjects/60971kaa/vendor/codeigniter4/framework/system/CodeIgniter.php(918): IonAuth\Controllers\Auth->login()
#7 /home/leveofan/PhpstormProjects/60971kaa/vendor/codeigniter4/framework/system/CodeIgniter.php(404): CodeIgniter\CodeIgniter->runController(Object(App\Controllers\Auth))
#8 /home/leveofan/PhpstormProjects/60971kaa/vendor/codeigniter4/framework/system/CodeIgniter.php(312): CodeIgniter\CodeIgniter->handleRequest(NULL, Object(Config\Cache), false)
#9 /home/leveofan/PhpstormProjects/60971kaa/public/index.php(21): CodeIgniter\CodeIgniter->run()
#10 {main}
CRITICAL - 2020-12-19 05:52:25 --> Undefined variable: ionAuth
#0 /home/leveofan/PhpstormProjects/60971kaa/app/Views/templates/layout.php(43): CodeIgniter\Debug\Exceptions->errorHandler(8, 'Undefined varia...', '/home/leveofan/...', 43, Array)
#1 /home/leveofan/PhpstormProjects/60971kaa/vendor/codeigniter4/framework/system/View/View.php(246): include('/home/leveofan/...')
#2 /home/leveofan/PhpstormProjects/60971kaa/vendor/codeigniter4/framework/system/View/View.php(257): CodeIgniter\View\View->render('templates/layou...', Array, true)
#3 /home/leveofan/PhpstormProjects/60971kaa/vendor/codeigniter4/framework/system/Common.php(1119): CodeIgniter\View\View->render('auth/login', Array, true)
#4 /home/leveofan/PhpstormProjects/60971kaa/vendor/benedmunds/codeigniter-ion-auth/Controllers/Auth.php(923): view('auth/login', Array)
#5 /home/leveofan/PhpstormProjects/60971kaa/vendor/benedmunds/codeigniter-ion-auth/Controllers/Auth.php(173): IonAuth\Controllers\Auth->renderPage('auth/login', Array)
#6 /home/leveofan/PhpstormProjects/60971kaa/vendor/codeigniter4/framework/system/CodeIgniter.php(918): IonAuth\Controllers\Auth->login()
#7 /home/leveofan/PhpstormProjects/60971kaa/vendor/codeigniter4/framework/system/CodeIgniter.php(404): CodeIgniter\CodeIgniter->runController(Object(App\Controllers\Auth))
#8 /home/leveofan/PhpstormProjects/60971kaa/vendor/codeigniter4/framework/system/CodeIgniter.php(312): CodeIgniter\CodeIgniter->handleRequest(NULL, Object(Config\Cache), false)
#9 /home/leveofan/PhpstormProjects/60971kaa/public/index.php(21): CodeIgniter\CodeIgniter->run()
#10 {main}
CRITICAL - 2020-12-19 13:25:50 --> Invalid file: auth/create_user.php
#0 /home/leveofan/PhpstormProjects/60971kaa/vendor/codeigniter4/framework/system/View/View.php(228): CodeIgniter\Exceptions\FrameworkException::forInvalidFile('auth/create_use...')
#1 /home/leveofan/PhpstormProjects/60971kaa/vendor/codeigniter4/framework/system/Common.php(1119): CodeIgniter\View\View->render('auth/create_use...', Array, true)
#2 /home/leveofan/PhpstormProjects/60971kaa/vendor/benedmunds/codeigniter-ion-auth/Controllers/Auth.php(923): view('auth/create_use...', Array)
#3 /home/leveofan/PhpstormProjects/60971kaa/vendor/benedmunds/codeigniter-ion-auth/Controllers/Auth.php(634): IonAuth\Controllers\Auth->renderPage('auth/create_use...', Array)
#4 /home/leveofan/PhpstormProjects/60971kaa/vendor/codeigniter4/framework/system/CodeIgniter.php(918): IonAuth\Controllers\Auth->create_user()
#5 /home/leveofan/PhpstormProjects/60971kaa/vendor/codeigniter4/framework/system/CodeIgniter.php(404): CodeIgniter\CodeIgniter->runController(Object(App\Controllers\Auth))
#6 /home/leveofan/PhpstormProjects/60971kaa/vendor/codeigniter4/framework/system/CodeIgniter.php(312): CodeIgniter\CodeIgniter->handleRequest(NULL, Object(Config\Cache), false)
#7 /home/leveofan/PhpstormProjects/60971kaa/public/index.php(21): CodeIgniter\CodeIgniter->run()
#8 {main}
